<?xml version="1.0" encoding="UTF-8"?>
<testng-results ignored="0" total="1" passed="1" failed="0" skipped="0">
  <reporter-output>
  </reporter-output>
  <suite started-at="2023-02-18T12:37:15 CST" name="Default suite" finished-at="2023-02-18T12:37:17 CST" duration-ms="2037">
    <groups>
    </groups>
    <test started-at="2023-02-18T12:37:15 CST" name="Default test" finished-at="2023-02-18T12:37:17 CST" duration-ms="2037">
      <class name="com.testscenarios.ClassTemplate">
        <test-method is-config="true" signature="setUp()[pri:0, instance:com.testscenarios.ClassTemplate@6caf0677]" started-at="2023-02-18T12:37:15 CST" name="setUp" finished-at="2023-02-18T12:37:15 CST" duration-ms="172" status="PASS">
          <reporter-output>
          </reporter-output>
        </test-method> <!-- setUp -->
        <test-method is-config="true" signature="crossBrowser(java.lang.String)[pri:0, instance:com.testscenarios.ClassTemplate@6caf0677]" started-at="2023-02-18T12:37:15 CST" name="crossBrowser" finished-at="2023-02-18T12:37:17 CST" duration-ms="1750" status="PASS">
          <params>
            <param index="0">
              <value>
                <![CDATA[Chrome]]>
              </value>
            </param>
          </params>
          <reporter-output>
          </reporter-output>
        </test-method> <!-- crossBrowser -->
        <test-method signature="f()[pri:0, instance:com.testscenarios.ClassTemplate@6caf0677]" started-at="2023-02-18T12:37:17 CST" name="f" finished-at="2023-02-18T12:37:17 CST" duration-ms="19" status="PASS">
          <reporter-output>
          </reporter-output>
        </test-method> <!-- f -->
        <test-method is-config="true" signature="afterMethod(org.testng.ITestResult)[pri:0, instance:com.testscenarios.ClassTemplate@6caf0677]" started-at="2023-02-18T12:37:17 CST" name="afterMethod" finished-at="2023-02-18T12:37:17 CST" duration-ms="127" status="PASS">
          <params>
            <param index="0">
              <value>
                <![CDATA[[TestResult name=f status=SUCCESS method=ClassTemplate.f()[pri:0, instance:com.testscenarios.ClassTemplate@6caf0677] output={null}]]]>
              </value>
            </param>
          </params>
          <reporter-output>
          </reporter-output>
        </test-method> <!-- afterMethod -->
        <test-method is-config="true" signature="getResult(org.testng.ITestResult)[pri:0, instance:com.testscenarios.ClassTemplate@6caf0677]" started-at="2023-02-18T12:37:17 CST" name="getResult" finished-at="2023-02-18T12:37:17 CST" duration-ms="2" status="PASS">
          <params>
            <param index="0">
              <value>
                <![CDATA[[TestResult name=f status=SUCCESS method=ClassTemplate.f()[pri:0, instance:com.testscenarios.ClassTemplate@6caf0677] output={null}]]]>
              </value>
            </param>
          </params>
          <reporter-output>
          </reporter-output>
        </test-method> <!-- getResult -->
        <test-method is-config="true" signature="afterClass()[pri:0, instance:com.testscenarios.ClassTemplate@6caf0677]" started-at="2023-02-18T12:37:17 CST" name="afterClass" finished-at="2023-02-18T12:37:17 CST" duration-ms="117" status="PASS">
          <reporter-output>
          </reporter-output>
        </test-method> <!-- afterClass -->
        <test-method is-config="true" signature="tearDown()[pri:0, instance:com.testscenarios.ClassTemplate@6caf0677]" started-at="2023-02-18T12:37:17 CST" name="tearDown" finished-at="2023-02-18T12:37:17 CST" duration-ms="243" status="PASS">
          <reporter-output>
          </reporter-output>
        </test-method> <!-- tearDown -->
      </class> <!-- com.testscenarios.ClassTemplate -->
    </test> <!-- Default test -->
  </suite> <!-- Default suite -->
</testng-results>
