<?xml version="1.0" encoding="UTF-8"?>
<testng-results ignored="0" total="1" passed="1" failed="0" skipped="0">
  <reporter-output>
  </reporter-output>
  <suite started-at="2023-03-06T23:48:49 CST" name="Default suite" finished-at="2023-03-06T23:48:53 CST" duration-ms="4211">
    <groups>
    </groups>
    <test started-at="2023-03-06T23:48:49 CST" name="Default test" finished-at="2023-03-06T23:48:53 CST" duration-ms="4211">
      <class name="com.testscenarios.ClassTemplate2">
        <test-method is-config="true" signature="setUp()[pri:0, instance:com.testscenarios.ClassTemplate2@59402b8f]" started-at="2023-03-06T23:48:49 CST" name="setUp" finished-at="2023-03-06T23:48:49 CST" duration-ms="196" status="PASS">
          <reporter-output>
          </reporter-output>
        </test-method> <!-- setUp -->
        <test-method is-config="true" signature="crossBrowser(java.lang.String)[pri:0, instance:com.testscenarios.ClassTemplate2@59402b8f]" started-at="2023-03-06T23:48:49 CST" name="crossBrowser" finished-at="2023-03-06T23:48:51 CST" duration-ms="2441" status="PASS">
          <params>
            <param index="0">
              <value>
                <![CDATA[Chrome]]>
              </value>
            </param>
          </params>
          <reporter-output>
          </reporter-output>
        </test-method> <!-- crossBrowser -->
        <test-method signature="f()[pri:0, instance:com.testscenarios.ClassTemplate2@59402b8f]" started-at="2023-03-06T23:48:52 CST" name="f" finished-at="2023-03-06T23:48:53 CST" duration-ms="1399" status="PASS">
          <reporter-output>
          </reporter-output>
        </test-method> <!-- f -->
        <test-method is-config="true" signature="afterMethod(org.testng.ITestResult)[pri:0, instance:com.testscenarios.ClassTemplate2@59402b8f]" started-at="2023-03-06T23:48:53 CST" name="afterMethod" finished-at="2023-03-06T23:48:53 CST" duration-ms="145" status="PASS">
          <params>
            <param index="0">
              <value>
                <![CDATA[[TestResult name=f status=SUCCESS method=ClassTemplate2.f()[pri:0, instance:com.testscenarios.ClassTemplate2@59402b8f] output={null}]]]>
              </value>
            </param>
          </params>
          <reporter-output>
          </reporter-output>
        </test-method> <!-- afterMethod -->
        <test-method is-config="true" signature="getResult(org.testng.ITestResult)[pri:0, instance:com.testscenarios.ClassTemplate2@59402b8f]" started-at="2023-03-06T23:48:53 CST" name="getResult" finished-at="2023-03-06T23:48:53 CST" duration-ms="7" status="PASS">
          <params>
            <param index="0">
              <value>
                <![CDATA[[TestResult name=f status=SUCCESS method=ClassTemplate2.f()[pri:0, instance:com.testscenarios.ClassTemplate2@59402b8f] output={null}]]]>
              </value>
            </param>
          </params>
          <reporter-output>
          </reporter-output>
        </test-method> <!-- getResult -->
        <test-method is-config="true" signature="afterClass()[pri:0, instance:com.testscenarios.ClassTemplate2@59402b8f]" started-at="2023-03-06T23:48:53 CST" name="afterClass" finished-at="2023-03-06T23:48:53 CST" duration-ms="185" status="PASS">
          <reporter-output>
          </reporter-output>
        </test-method> <!-- afterClass -->
        <test-method is-config="true" signature="tearDown()[pri:0, instance:com.testscenarios.ClassTemplate2@59402b8f]" started-at="2023-03-06T23:48:53 CST" name="tearDown" finished-at="2023-03-06T23:48:53 CST" duration-ms="233" status="PASS">
          <reporter-output>
          </reporter-output>
        </test-method> <!-- tearDown -->
      </class> <!-- com.testscenarios.ClassTemplate2 -->
    </test> <!-- Default test -->
  </suite> <!-- Default suite -->
</testng-results>
